2025-11-26 16:25:19,340 [INFO] Starting training script
2025-11-26 16:30:03,860 [training] [INFO] Starting training script
2025-11-26 16:31:21,409 [training] [INFO] Starting training script
2025-11-26 16:31:21,424 [training] [INFO] x_files are: /farmdisk1/ganeshai/Quijote/EUCLID_RECONSTRUCTIONS/TRAINING_DATA/observed/halo_number_density_redshift_space_000_128_CIC_group_tab_002.npy
2025-11-26 16:31:21,424 [training] [INFO] y_files are: /farmdisk1/ganeshai/Quijote/EUCLID_RECONSTRUCTIONS/TRAINING_DATA/observed/halo_number_density_real_space_000_128_CIC_group_tab_002.npy
2025-11-26 16:31:21,425 [training] [INFO] Collected 100 observed files, 100 true files, and 0 mask files
2025-11-26 16:31:21,425 [training] [INFO] Train samples: 80, Validation samples: 20
2025-11-26 16:31:21,425 [root] [INFO] Creating dataset with 80 samples. Use mask: False
2025-11-26 16:31:29,421 [root] [DEBUG] Dataset created from x_files and y_files only. Mapping without mask.
2025-11-26 16:31:30,044 [root] [DEBUG] Single channel input (obs only), shape: (128, 128, 128, 1)
2025-11-26 16:31:30,534 [root] [DEBUG] Dataset shuffled
2025-11-26 16:31:30,535 [root] [DEBUG] Dataset repeated indefinitely
2025-11-26 16:31:30,538 [root] [DEBUG] Dataset batched with batch_size=16, drop_remainder=True
2025-11-26 16:31:30,539 [root] [INFO] Creating dataset with 20 samples. Use mask: False
2025-11-26 16:31:30,540 [root] [DEBUG] Dataset created from x_files and y_files only. Mapping without mask.
2025-11-26 16:31:30,545 [root] [DEBUG] Single channel input (obs only), shape: (128, 128, 128, 1)
2025-11-26 16:31:30,561 [root] [DEBUG] Dataset shuffled
2025-11-26 16:31:30,563 [root] [DEBUG] Dataset batched with batch_size=16, drop_remainder=False
2025-11-26 16:31:30,563 [tensorflow] [INFO] Using MirroredStrategy with devices ('/job:localhost/replica:0/task:0/device:GPU:0', '/job:localhost/replica:0/task:0/device:GPU:1', '/job:localhost/replica:0/task:0/device:GPU:2', '/job:localhost/replica:0/task:0/device:GPU:3')
2025-11-26 16:31:32,209 [training] [INFO] Number of devices: 4
2025-11-26 16:33:51,678 [training] [INFO] Starting training script
2025-11-26 16:33:51,692 [training] [INFO] x_files are: /farmdisk1/ganeshai/Quijote/EUCLID_RECONSTRUCTIONS/TRAINING_DATA/observed/halo_number_density_redshift_space_000_128_CIC_group_tab_002.npy
2025-11-26 16:33:51,692 [training] [INFO] y_files are: /farmdisk1/ganeshai/Quijote/EUCLID_RECONSTRUCTIONS/TRAINING_DATA/observed/halo_number_density_real_space_000_128_CIC_group_tab_002.npy
2025-11-26 16:33:51,692 [training] [INFO] Collected 100 observed files, 100 true files, and 0 mask files
2025-11-26 16:33:51,692 [training] [INFO] Train samples: 80, Validation samples: 20
2025-11-26 16:33:51,692 [root] [INFO] Creating dataset with 80 samples. Use mask: False
2025-11-26 16:33:59,591 [root] [DEBUG] Dataset created from x_files and y_files only. Mapping without mask.
2025-11-26 16:34:00,226 [root] [DEBUG] Single channel input (obs only), shape: (128, 128, 128, 1)
2025-11-26 16:34:00,713 [root] [DEBUG] Dataset shuffled
2025-11-26 16:34:00,714 [root] [DEBUG] Dataset repeated indefinitely
2025-11-26 16:34:00,718 [root] [DEBUG] Dataset batched with batch_size=16, drop_remainder=True
2025-11-26 16:34:00,718 [root] [INFO] Creating dataset with 20 samples. Use mask: False
2025-11-26 16:34:00,719 [root] [DEBUG] Dataset created from x_files and y_files only. Mapping without mask.
2025-11-26 16:34:00,725 [root] [DEBUG] Single channel input (obs only), shape: (128, 128, 128, 1)
2025-11-26 16:34:00,741 [root] [DEBUG] Dataset shuffled
2025-11-26 16:34:00,743 [root] [DEBUG] Dataset batched with batch_size=16, drop_remainder=False
2025-11-26 16:34:00,743 [tensorflow] [INFO] Using MirroredStrategy with devices ('/job:localhost/replica:0/task:0/device:GPU:0', '/job:localhost/replica:0/task:0/device:GPU:1', '/job:localhost/replica:0/task:0/device:GPU:2', '/job:localhost/replica:0/task:0/device:GPU:3')
2025-11-26 16:34:02,376 [training] [INFO] Number of devices: 4
